{
  "RSpec": {
    "coverage": {
      "/root/cs3300App/app/models/user.rb": {
        "lines": [
          1,
          null,
          null,
          1,
          null,
          null
        ]
      },
      "/root/cs3300App/app/models/application_record.rb": {
        "lines": [
          1,
          1,
          null
        ]
      },
      "/root/cs3300App/app/helpers/application_helper.rb": {
        "lines": [
          1,
          null
        ]
      },
      "/root/cs3300App/app/helpers/equipment_helper.rb": {
        "lines": [
          1,
          null
        ]
      },
      "/root/cs3300App/app/controllers/equipment_controller.rb": {
        "lines": [
          1,
          1,
          1,
          null,
          1,
          null,
          3,
          2,
          2,
          2,
          null,
          null,
          3,
          null,
          null,
          null,
          1,
          null,
          2,
          4,
          null,
          null,
          null,
          null,
          1,
          14,
          null,
          null,
          null,
          1,
          null,
          null,
          null,
          1,
          14,
          null,
          null,
          null,
          1,
          null,
          null,
          null,
          1,
          13,
          null,
          13,
          13,
          2,
          1,
          null,
          24,
          12,
          null,
          null,
          null,
          null,
          null,
          1,
          6,
          6,
          12,
          6,
          null,
          0,
          0,
          null,
          null,
          null,
          null,
          null,
          1,
          null,
          3,
          null,
          3,
          1,
          1,
          2,
          1,
          null,
          null,
          2,
          1,
          null,
          1,
          null,
          null,
          null,
          null,
          1,
          null,
          1,
          28,
          null,
          null,
          null,
          1,
          19,
          null,
          null
        ]
      },
      "/root/cs3300App/app/controllers/application_controller.rb": {
        "lines": [
          1,
          null
        ]
      },
      "/root/cs3300App/app/models/equipment.rb": {
        "lines": [
          1,
          null,
          1,
          1,
          null,
          1,
          3,
          3,
          3,
          3,
          10544,
          null,
          null,
          null,
          null,
          1,
          10,
          10,
          10,
          null,
          70,
          null,
          70,
          70,
          70,
          70,
          70,
          70,
          70,
          null,
          null,
          null,
          null
        ]
      },
      "/root/cs3300App/app/channels/application_cable/channel.rb": {
        "lines": [
          0,
          0,
          0,
          0
        ],
        "branches": {
        }
      },
      "/root/cs3300App/app/channels/application_cable/connection.rb": {
        "lines": [
          0,
          0,
          0,
          0
        ],
        "branches": {
        }
      },
      "/root/cs3300App/app/jobs/application_job.rb": {
        "lines": [
          0,
          null,
          null,
          null,
          null,
          null,
          0
        ],
        "branches": {
        }
      },
      "/root/cs3300App/app/mailers/application_mailer.rb": {
        "lines": [
          0,
          0,
          0,
          0
        ],
        "branches": {
        }
      }
    },
    "timestamp": 1682086689
  }
}
